<?xml version="1.0" encoding="UTF-8"?>
<!-- Generated by org.testng.reporters.JUnitReportReporter -->
<testsuite skipped="0" hostname="DESKTOP-N4BEK4T" name="testngpackage.Product_ModuleWiseExecutionUsingTestNG" tests="2" failures="0" timestamp="12 Jan 2018 05:43:50 GMT" time="0.014" errors="0">
  <testcase name="editProduct" time="0.003" classname="testngpackage.Product_ModuleWiseExecutionUsingTestNG"/>
  <testcase name="deleteProduct" time="0.011" classname="testngpackage.Product_ModuleWiseExecutionUsingTestNG"/>
</testsuite> <!-- testngpackage.Product_ModuleWiseExecutionUsingTestNG -->
