<?xml version="1.0" encoding="UTF-8"?>
<!-- Generated by org.testng.reporters.JUnitReportReporter -->
<testsuite skipped="0" hostname="DESKTOP-N4BEK4T" name="testngpackage.TestA3" tests="2" failures="0" timestamp="18 Jan 2018 10:58:29 GMT" time="0.004" errors="0">
  <testcase name="testA3" time="0.002" classname="testngpackage.TestA3"/>
  <testcase name="testA3" time="0.002" classname="testngpackage.TestA3"/>
</testsuite> <!-- testngpackage.TestA3 -->
