<?xml version="1.0" encoding="UTF-8"?>
<!-- Generated by org.testng.reporters.JUnitReportReporter -->
<testsuite skipped="0" hostname="DESKTOP-N4BEK4T" name="testngpackage.RunTestScriptsInParallel_UsingTestng" tests="2" failures="0" timestamp="16 Jan 2018 07:23:45 GMT" time="71.297" errors="0">
  <testcase name="launchMultipleBrowser_usingTestNG" time="34.838" classname="testngpackage.RunTestScriptsInParallel_UsingTestng"/>
  <testcase name="launchMultipleBrowser_usingTestNG" time="36.459" classname="testngpackage.RunTestScriptsInParallel_UsingTestng"/>
</testsuite> <!-- testngpackage.RunTestScriptsInParallel_UsingTestng -->
