<?xml version="1.0" encoding="UTF-8"?>
<!-- Generated by org.testng.reporters.JUnitReportReporter -->
<testsuite skipped="0" hostname="DESKTOP-N4BEK4T" name="testngpackage.TestA" tests="1" failures="0" timestamp="10 Jan 2018 05:01:27 GMT" time="0.016" errors="0">
  <testcase name="testA" time="0.016" classname="testngpackage.TestA"/>
</testsuite> <!-- testngpackage.TestA -->
