<?xml version="1.0" encoding="UTF-8"?>
<!-- Generated by org.testng.reporters.JUnitReportReporter -->
<testsuite skipped="0" hostname="DESKTOP-N4BEK4T" name="testngpackage.TestA2" tests="1" failures="0" timestamp="10 Jan 2018 10:10:06 GMT" time="0.014" errors="0">
  <testcase name="testA" time="0.014" classname="testngpackage.TestA2"/>
</testsuite> <!-- testngpackage.TestA2 -->
