<?xml version="1.0" encoding="UTF-8"?>
<!-- Generated by org.testng.reporters.JUnitReportReporter -->
<testsuite skipped="0" hostname="DESKTOP-N4BEK4T" name="testngpackage.DataBank" tests="2" failures="0" timestamp="15 Jan 2018 14:45:35 GMT" time="0.014" errors="0">
  <testcase name="testLogin" time="0.002" classname="testngpackage.DataBank"/>
  <testcase name="testLogin" time="0.012" classname="testngpackage.DataBank"/>
</testsuite> <!-- testngpackage.DataBank -->
