<?xml version="1.0" encoding="UTF-8"?>
<!-- Generated by org.testng.reporters.JUnitReportReporter -->
<testsuite skipped="0" hostname="DESKTOP-N4BEK4T" name="testngpackage.User_ModuleWiseExecutionUsingTestNG" tests="3" failures="0" timestamp="12 Jan 2018 05:43:50 GMT" time="0.011" errors="0">
  <testcase name="deleteUser" time="0.003" classname="testngpackage.User_ModuleWiseExecutionUsingTestNG"/>
  <testcase name="editUser" time="0.007" classname="testngpackage.User_ModuleWiseExecutionUsingTestNG"/>
  <testcase name="createUser" time="0.001" classname="testngpackage.User_ModuleWiseExecutionUsingTestNG"/>
</testsuite> <!-- testngpackage.User_ModuleWiseExecutionUsingTestNG -->
