<?xml version="1.0" encoding="UTF-8"?>
<!-- Generated by org.testng.reporters.JUnitReportReporter -->
<testsuite skipped="0" hostname="DESKTOP-N4BEK4T" name="testngpackage.TestAnnotationParameterDemo" tests="3" failures="0" timestamp="10 Jan 2018 10:09:37 GMT" time="0.015" errors="0">
  <testcase name="createuser" time="0.012" classname="testngpackage.TestAnnotationParameterDemo"/>
  <testcase name="deleteuser" time="0.002" classname="testngpackage.TestAnnotationParameterDemo"/>
  <testcase name="edituser" time="0.001" classname="testngpackage.TestAnnotationParameterDemo"/>
</testsuite> <!-- testngpackage.TestAnnotationParameterDemo -->
