<?xml version="1.0" encoding="UTF-8"?>
<!-- Generated by org.testng.reporters.JUnitReportReporter -->
<testsuite skipped="0" hostname="DESKTOP-N4BEK4T" name="testngpackage.TestLogin_2" tests="1" failures="0" timestamp="18 Jan 2018 12:28:27 GMT" time="23.031" errors="0">
  <testcase name="testLogin" time="23.031" classname="testngpackage.TestLogin_2"/>
</testsuite> <!-- testngpackage.TestLogin_2 -->
