<?xml version="1.0" encoding="UTF-8"?>
<!-- Generated by org.testng.reporters.JUnitReportReporter -->
<testsuite skipped="0" hostname="DESKTOP-N4BEK4T" name="testngpackage.TestB1" tests="1" failures="0" timestamp="11 Jan 2018 07:06:59 GMT" time="0.014" errors="0">
  <testcase name="testB1" time="0.014" classname="testngpackage.TestB1"/>
</testsuite> <!-- testngpackage.TestB1 -->
