<?xml version="1.0" encoding="UTF-8"?>
<!-- Generated by org.testng.reporters.JUnitReportReporter -->
<testsuite skipped="1" hostname="DESKTOP-N4BEK4T" name="testngpackage.TestAnnotationWithPriorityInvocationCountEnabledParam" tests="3" failures="0" timestamp="10 Jan 2018 10:31:36 GMT" time="0.012" errors="0">
  <testcase name="createuser" time="0.011" classname="testngpackage.TestAnnotationWithPriorityInvocationCountEnabledParam"/>
  <testcase name="deleteuser" time="0.001" classname="testngpackage.TestAnnotationWithPriorityInvocationCountEnabledParam"/>
  <testcase name="edituser" classname="testngpackage.TestAnnotationWithPriorityInvocationCountEnabledParam">
    <skipped/>
  </testcase> <!-- edituser -->
</testsuite> <!-- testngpackage.TestAnnotationWithPriorityInvocationCountEnabledParam -->
