<?xml version="1.0" encoding="UTF-8"?>
<!-- Generated by org.testng.reporters.JUnitReportReporter -->
<testsuite skipped="0" hostname="DESKTOP-N4BEK4T" name="testngpackage.TestA1" tests="1" failures="0" timestamp="11 Jan 2018 07:06:59 GMT" time="0.006" errors="0">
  <testcase name="testA1" time="0.006" classname="testngpackage.TestA1"/>
</testsuite> <!-- testngpackage.TestA1 -->
