<?xml version="1.0" encoding="UTF-8"?>
<!-- Generated by org.testng.reporters.JUnitReportReporter -->
<testsuite skipped="0" hostname="DESKTOP-N4BEK4T" name="testngpackage.TestAnnotationWithPriorityAsParameter" tests="3" failures="0" timestamp="10 Jan 2018 10:18:01 GMT" time="0.018" errors="0">
  <testcase name="createuser" time="0.013" classname="testngpackage.TestAnnotationWithPriorityAsParameter"/>
  <testcase name="edituser" time="0.003" classname="testngpackage.TestAnnotationWithPriorityAsParameter"/>
  <testcase name="deleteuser" time="0.002" classname="testngpackage.TestAnnotationWithPriorityAsParameter"/>
</testsuite> <!-- testngpackage.TestAnnotationWithPriorityAsParameter -->
