<?xml version="1.0" encoding="UTF-8"?>
<!-- Generated by org.testng.reporters.JUnitReportReporter -->
<testsuite skipped="0" hostname="DESKTOP-N4BEK4T" name="testngpackage.TestB3" tests="1" failures="0" timestamp="18 Jan 2018 10:58:28 GMT" time="0.016" errors="0">
  <testcase name="testB1" time="0.016" classname="testngpackage.TestB3"/>
</testsuite> <!-- testngpackage.TestB3 -->
