<?xml version="1.0" encoding="UTF-8"?>
<!-- Generated by org.testng.reporters.JUnitReportReporter -->
<testsuite skipped="0" hostname="DESKTOP-N4BEK4T" name="testngpackage.TestLogin" tests="1" failures="0" timestamp="17 Jan 2018 09:49:47 GMT" time="17.211" errors="0">
  <testcase name="testLogin" time="17.211" classname="testngpackage.TestLogin"/>
</testsuite> <!-- testngpackage.TestLogin -->
