<?xml version="1.0" encoding="UTF-8"?>
<!-- Generated by org.testng.reporters.JUnitReportReporter -->
<testsuite skipped="0" hostname="DESKTOP-N4BEK4T" name="testngpackage.SeleniumGrid" tests="2" failures="0" timestamp="18 Jan 2018 04:32:26 GMT" time="42.224" errors="0">
  <testcase name="testSeleniumGrid" time="20.844" classname="testngpackage.SeleniumGrid"/>
  <testcase name="testSeleniumGrid" time="21.380" classname="testngpackage.SeleniumGrid"/>
</testsuite> <!-- testngpackage.SeleniumGrid -->
