<?xml version="1.0" encoding="UTF-8"?>
<!-- Generated by org.testng.reporters.JUnitReportReporter -->
<testsuite skipped="0" hostname="DESKTOP-N4BEK4T" name="testngpackage.AllAnnotations" tests="1" failures="0" timestamp="11 Jan 2018 07:49:34 GMT" time="0.009" errors="0">
  <testcase name="testA" time="0.009" classname="testngpackage.AllAnnotations"/>
</testsuite> <!-- testngpackage.AllAnnotations -->
