<?xml version="1.0" encoding="UTF-8"?>
<!-- Generated by org.testng.reporters.JUnitReportReporter -->
<testsuite skipped="0" hostname="DESKTOP-N4BEK4T" name="testngpackage.TestAnnotationWithParamPriorityAndInvocationCount" tests="4" failures="0" timestamp="10 Jan 2018 06:02:52 GMT" time="0.021" errors="0">
  <testcase name="createuser" time="0.013" classname="testngpackage.TestAnnotationWithParamPriorityAndInvocationCount"/>
  <testcase name="edituser" time="0.002" classname="testngpackage.TestAnnotationWithParamPriorityAndInvocationCount"/>
  <testcase name="edituser" time="0.002" classname="testngpackage.TestAnnotationWithParamPriorityAndInvocationCount"/>
  <testcase name="deleteuser" time="0.004" classname="testngpackage.TestAnnotationWithParamPriorityAndInvocationCount"/>
</testsuite> <!-- testngpackage.TestAnnotationWithParamPriorityAndInvocationCount -->
